{"@t":"2023-06-16T00:04:33.7150422Z","@mt":"Seq {SeqVersion} running on OS {OSCaption}","SeqVersion":"2023.1.9133","OSCaption":"Linux 5.15.90.1-microsoft-standard-WSL2 #1 SMP Fri Jan 27 02:56:13 UTC 2023","SourceContext":"Seq.Server.Features.Diagnostics.EnvironmentInformationWriter"}
{"@t":"2023-06-16T00:04:33.7914488Z","@mt":"Seq detected {TotalRAM} MB of RAM","TotalRAM":8332.787712,"SourceContext":"Seq.Server.Features.Diagnostics.EnvironmentInformationWriter"}
{"@t":"2023-06-16T00:04:34.5443561Z","@mt":"Opening event store at {StreamPath}","StreamPath":"/data/Stream/stream.flare","SourceContext":"Seq.Engine.Cluster.StorageNodeCoordinator"}
{"@t":"2023-06-16T00:04:34.6002417Z","@mt":"Ingestion enabled","SourceContext":"Seq.Engine.Cluster.StorageNodeCoordinator"}
{"@t":"2023-06-16T00:04:34.6243781Z","@mt":"Opening metastore {MetastorePath}","MetastorePath":"/data/Documents/metastore.flare","SourceContext":"Quince.Storage.Native.NativeDocumentStore"}
{"@t":"2023-06-16T00:04:34.6986198Z","@mt":"Initializing a new metastore","SourceContext":"Quince.Storage.Native.NativeDocumentStore"}
{"@t":"2023-06-16T00:04:35.0156276Z","@mt":"Creating default workspace for {UserId}","UserId":"user-admin"}
{"@t":"2023-06-16T00:04:35.1939134Z","@mt":"Storage subsystem available"}
{"@t":"2023-06-16T00:04:35.2914894Z","@mt":"Seq listening on {ListenUris}","ListenUris":["http://localhost/","https://localhost/","http://localhost:5341/","https://localhost:45341/"]}
{"@t":"2023-06-16T00:05:35.3583817Z","@mt":"{CollectionCount} more generation 2 garbage collection(s) occurred","CollectionCount":0,"SourceContext":"Seq.Server.Features.Diagnostics.GCLogger"}
{"@t":"2023-06-16T00:08:39.6608712Z","@mt":"Termination signal received"}
{"@t":"2023-06-16T00:08:39.7129106Z","@mt":"Signalling for {Workers} worker task(s) to complete","Workers":1,"SourceContext":"Seq.Engine.Workers.WorkerPool"}
{"@t":"2023-06-16T00:08:40.4522018Z","@mt":"Work {WorkDescription} ({WorkId}) observed cancellation and completed","WorkDescription":"Monitor alerts and trigger notifications","WorkId":"9673d9df-8cc5-45a0-9896-d87ec4460bf2","SourceContext":"Seq.Engine.Workers.WorkerPool"}
{"@t":"2023-06-16T00:08:40.5173559Z","@mt":"Stopping {Tasks} scheduled tasks","Tasks":13,"SourceContext":"Seq.Server.Tasks.TaskRunner"}
{"@t":"2023-06-16T00:08:40.5242314Z","@mt":"Stopping input channel","SourceContext":"Seq.Server.Features.Apps.Inputs.InputChannel"}
{"@t":"2023-06-16T00:08:41.3639911Z","@mt":"Shutting down input channel; {AcceptedCount} queued events will be written","AcceptedCount":0,"SourceContext":"Seq.Server.Features.Apps.Inputs.InputChannel"}
{"@t":"2023-06-16T00:08:41.3653911Z","@mt":"Stopping broadcast channel","SourceContext":"Seq.Engine.Broadcast.BroadcastChannel"}
{"@t":"2023-06-16T00:08:42.3611179Z","@mt":"Shutting down broadcast channel with {AllowableFlush} flushable event batches (+{Tolerance} tolerance)","AllowableFlush":0,"Tolerance":15,"SourceContext":"Seq.Engine.Broadcast.BroadcastChannel"}
{"@t":"2023-06-16T00:08:42.3666121Z","@mt":"Closing event store","SourceContext":"Seq.Engine.Cluster.StorageNodeCoordinator"}
{"@t":"2023-06-16T00:08:42.3753028Z","@mt":"Closing metastore","SourceContext":"Quince.Storage.Native.NativeDocumentStore"}
{"@t":"2023-06-16T00:08:42.3869910Z","@mt":"Server stopped cleanly"}
{"@t":"2023-06-16T00:09:02.8714106Z","@mt":"Seq {SeqVersion} running on OS {OSCaption}","SeqVersion":"2023.1.9133","OSCaption":"Linux 5.15.90.1-microsoft-standard-WSL2 #1 SMP Fri Jan 27 02:56:13 UTC 2023","SourceContext":"Seq.Server.Features.Diagnostics.EnvironmentInformationWriter"}
{"@t":"2023-06-16T00:09:02.9779683Z","@mt":"Seq detected {TotalRAM} MB of RAM","TotalRAM":8332.787712,"SourceContext":"Seq.Server.Features.Diagnostics.EnvironmentInformationWriter"}
{"@t":"2023-06-16T00:09:03.6484423Z","@mt":"Opening event store at {StreamPath}","StreamPath":"/data/Stream/stream.flare","SourceContext":"Seq.Engine.Cluster.StorageNodeCoordinator"}
{"@t":"2023-06-16T00:09:03.7504060Z","@mt":"Ingestion enabled","SourceContext":"Seq.Engine.Cluster.StorageNodeCoordinator"}
{"@t":"2023-06-16T00:09:03.7998929Z","@mt":"Opening metastore {MetastorePath}","MetastorePath":"/data/Documents/metastore.flare","SourceContext":"Quince.Storage.Native.NativeDocumentStore"}
{"@t":"2023-06-16T00:09:03.9493165Z","@mt":"Storage subsystem available"}
{"@t":"2023-06-16T00:09:04.0589564Z","@mt":"Seq listening on {ListenUris}","ListenUris":["http://localhost/","https://localhost/","http://localhost:5341/","https://localhost:45341/"]}
{"@t":"2023-06-16T00:10:04.1533723Z","@mt":"{CollectionCount} more generation 2 garbage collection(s) occurred","CollectionCount":0,"SourceContext":"Seq.Server.Features.Diagnostics.GCLogger"}
{"@t":"2023-06-16T00:14:04.1615399Z","@mt":"Metrics sampled","SystemMemoryUtilization":0.41983078807612373,"ProcessWorkingSetBytes":172277760,"ProcessCpuPercentage":0,"GCTotalHeapSizeBytes":0,"GCTotalFragmentedBytes":0,"GCPauseTimePercentage":0,"ProcessThreads":25,"ArrivedEventsPerMinute":5,"IngestedEventsPerMinute":5,"IngestedBytesPerMinute":2789,"InvalidPayloadsPerMinute":0,"UnauthorizedPayloadsPerMinute":0,"TotalWriteTimeLastMinute":4,"BroadcastQueueCount":0,"BroadcastSubscriptionQueuesAggregateCount":0}
{"@t":"2023-06-16T00:19:04.1613125Z","@mt":"Metrics sampled","SystemMemoryUtilization":0.42524916780215216,"ProcessWorkingSetBytes":176930816,"ProcessCpuPercentage":0.1600012002223366,"GCTotalHeapSizeBytes":0,"GCTotalFragmentedBytes":0,"GCPauseTimePercentage":0,"ProcessThreads":27,"ArrivedEventsPerMinute":0,"IngestedEventsPerMinute":0,"IngestedBytesPerMinute":0,"InvalidPayloadsPerMinute":0,"UnauthorizedPayloadsPerMinute":0,"TotalWriteTimeLastMinute":0,"BroadcastQueueCount":0,"BroadcastSubscriptionQueuesAggregateCount":0}
{"@t":"2023-06-16T00:19:04.1646436Z","@mt":"Applying {Count} retention policies","Count":0,"SourceContext":"Seq.Server.Features.Retention.RetentionPolicyApplier"}
{"@t":"2023-06-16T00:19:04.1730510Z","@mt":"Retention processing and compaction took {Elapsed} ms; allocating {Allocation} ms for indexing","Elapsed":10.6128,"Allocation":599989.3872}
{"@t":"2023-06-16T00:19:04.1748849Z","@mt":"Beginning indexing","SourceContext":"Seq.Server.Features.Indexing.EventStoreIndexer"}
{"@t":"2023-06-16T00:19:04.3218871Z","@mt":"Wrote {IndexSetCount} index sets in {Elapsed:0.000} ms","@r":["146.000"],"IndexSetCount":0,"Elapsed":146,"SourceContext":"Seq.Server.Features.Indexing.EventStoreIndexer"}
{"@t":"2023-06-16T00:19:04.3230262Z","@mt":"Indexing took {Elapsed} ms; total iteration time was {Iteration} ms","Elapsed":148,"Iteration":159.4657}
{"@t":"2023-06-16T00:19:28.0066472Z","@mt":"Termination signal received"}
{"@t":"2023-06-16T00:19:28.0688700Z","@mt":"Signalling for {Workers} worker task(s) to complete","Workers":1,"SourceContext":"Seq.Engine.Workers.WorkerPool"}
{"@t":"2023-06-16T00:19:28.3286813Z","@mt":"Work {WorkDescription} ({WorkId}) observed cancellation and completed","WorkDescription":"Monitor alerts and trigger notifications","WorkId":"98a88aee-af00-47b6-b80d-64555b4c14bb","SourceContext":"Seq.Engine.Workers.WorkerPool"}
{"@t":"2023-06-16T00:19:28.3733330Z","@mt":"Stopping {Tasks} scheduled tasks","Tasks":13,"SourceContext":"Seq.Server.Tasks.TaskRunner"}
{"@t":"2023-06-16T00:19:28.3770820Z","@mt":"Stopping input channel","SourceContext":"Seq.Server.Features.Apps.Inputs.InputChannel"}
{"@t":"2023-06-16T00:19:29.2370033Z","@mt":"Shutting down input channel; {AcceptedCount} queued events will be written","AcceptedCount":0,"SourceContext":"Seq.Server.Features.Apps.Inputs.InputChannel"}
{"@t":"2023-06-16T00:19:29.2384156Z","@mt":"Stopping broadcast channel","SourceContext":"Seq.Engine.Broadcast.BroadcastChannel"}
{"@t":"2023-06-16T00:19:30.2349968Z","@mt":"Shutting down broadcast channel with {AllowableFlush} flushable event batches (+{Tolerance} tolerance)","AllowableFlush":0,"Tolerance":15,"SourceContext":"Seq.Engine.Broadcast.BroadcastChannel"}
{"@t":"2023-06-16T00:19:30.2451869Z","@mt":"Closing event store","SourceContext":"Seq.Engine.Cluster.StorageNodeCoordinator"}
{"@t":"2023-06-16T00:19:30.2626078Z","@mt":"Closing metastore","SourceContext":"Quince.Storage.Native.NativeDocumentStore"}
{"@t":"2023-06-16T00:19:30.2688634Z","@mt":"Server stopped cleanly"}
{"@t":"2023-06-16T00:21:32.8653219Z","@mt":"Seq {SeqVersion} running on OS {OSCaption}","SeqVersion":"2023.1.9133","OSCaption":"Linux 5.15.90.1-microsoft-standard-WSL2 #1 SMP Fri Jan 27 02:56:13 UTC 2023","SourceContext":"Seq.Server.Features.Diagnostics.EnvironmentInformationWriter"}
{"@t":"2023-06-16T00:21:32.9773755Z","@mt":"Seq detected {TotalRAM} MB of RAM","TotalRAM":8332.787712,"SourceContext":"Seq.Server.Features.Diagnostics.EnvironmentInformationWriter"}
{"@t":"2023-06-16T00:21:33.5333436Z","@mt":"Opening event store at {StreamPath}","StreamPath":"/data/Stream/stream.flare","SourceContext":"Seq.Engine.Cluster.StorageNodeCoordinator"}
{"@t":"2023-06-16T00:21:33.6650729Z","@mt":"Ingestion enabled","SourceContext":"Seq.Engine.Cluster.StorageNodeCoordinator"}
{"@t":"2023-06-16T00:21:33.6930530Z","@mt":"Opening metastore {MetastorePath}","MetastorePath":"/data/Documents/metastore.flare","SourceContext":"Quince.Storage.Native.NativeDocumentStore"}
{"@t":"2023-06-16T00:21:33.8472024Z","@mt":"Storage subsystem available"}
{"@t":"2023-06-16T00:21:33.9937886Z","@mt":"Seq listening on {ListenUris}","ListenUris":["http://localhost/","https://localhost/","http://localhost:5341/","https://localhost:45341/"]}
{"@t":"2023-06-16T00:21:36.2552881Z","@mt":"Termination signal received"}
{"@t":"2023-06-16T00:21:36.2928446Z","@mt":"Signalling for {Workers} worker task(s) to complete","Workers":1,"SourceContext":"Seq.Engine.Workers.WorkerPool"}
{"@t":"2023-06-16T00:21:36.3868025Z","@mt":"Work {WorkDescription} ({WorkId}) observed cancellation and completed","WorkDescription":"Monitor alerts and trigger notifications","WorkId":"46ec0a3e-5732-4bf9-aad7-d837d528d741","SourceContext":"Seq.Engine.Workers.WorkerPool"}
{"@t":"2023-06-16T00:21:36.3968715Z","@mt":"Stopping {Tasks} scheduled tasks","Tasks":13,"SourceContext":"Seq.Server.Tasks.TaskRunner"}
{"@t":"2023-06-16T00:21:36.4048057Z","@mt":"Stopping input channel","SourceContext":"Seq.Server.Features.Apps.Inputs.InputChannel"}
{"@t":"2023-06-16T00:21:37.0522330Z","@mt":"Shutting down input channel; {AcceptedCount} queued events will be written","AcceptedCount":0,"SourceContext":"Seq.Server.Features.Apps.Inputs.InputChannel"}
{"@t":"2023-06-16T00:21:37.0546015Z","@mt":"Stopping broadcast channel","SourceContext":"Seq.Engine.Broadcast.BroadcastChannel"}
{"@t":"2023-06-16T00:21:38.0447699Z","@mt":"Shutting down broadcast channel with {AllowableFlush} flushable event batches (+{Tolerance} tolerance)","AllowableFlush":0,"Tolerance":15,"SourceContext":"Seq.Engine.Broadcast.BroadcastChannel"}
{"@t":"2023-06-16T00:21:38.0539499Z","@mt":"Closing event store","SourceContext":"Seq.Engine.Cluster.StorageNodeCoordinator"}
{"@t":"2023-06-16T00:21:38.0621805Z","@mt":"Closing metastore","SourceContext":"Quince.Storage.Native.NativeDocumentStore"}
{"@t":"2023-06-16T00:21:38.0699556Z","@mt":"Server stopped cleanly"}
{"@t":"2023-06-16T00:24:19.4072737Z","@mt":"Seq {SeqVersion} running on OS {OSCaption}","SeqVersion":"2023.1.9133","OSCaption":"Linux 5.15.90.1-microsoft-standard-WSL2 #1 SMP Fri Jan 27 02:56:13 UTC 2023","SourceContext":"Seq.Server.Features.Diagnostics.EnvironmentInformationWriter"}
{"@t":"2023-06-16T00:24:19.5189106Z","@mt":"Seq detected {TotalRAM} MB of RAM","TotalRAM":8332.787712,"SourceContext":"Seq.Server.Features.Diagnostics.EnvironmentInformationWriter"}
{"@t":"2023-06-16T00:24:20.2117514Z","@mt":"Opening event store at {StreamPath}","StreamPath":"/data/Stream/stream.flare","SourceContext":"Seq.Engine.Cluster.StorageNodeCoordinator"}
{"@t":"2023-06-16T00:24:20.3142672Z","@mt":"Ingestion enabled","SourceContext":"Seq.Engine.Cluster.StorageNodeCoordinator"}
{"@t":"2023-06-16T00:24:20.3499782Z","@mt":"Opening metastore {MetastorePath}","MetastorePath":"/data/Documents/metastore.flare","SourceContext":"Quince.Storage.Native.NativeDocumentStore"}
{"@t":"2023-06-16T00:24:20.4992010Z","@mt":"Storage subsystem available"}
{"@t":"2023-06-16T00:24:20.5938122Z","@mt":"Seq listening on {ListenUris}","ListenUris":["http://localhost/","https://localhost/","http://localhost:5341/","https://localhost:45341/"]}
{"@t":"2023-06-16T00:26:45.2328194Z","@mt":"Seq {SeqVersion} running on OS {OSCaption}","SeqVersion":"2023.1.9133","OSCaption":"Linux 5.15.90.1-microsoft-standard-WSL2 #1 SMP Fri Jan 27 02:56:13 UTC 2023","SourceContext":"Seq.Server.Features.Diagnostics.EnvironmentInformationWriter"}
{"@t":"2023-06-16T00:26:45.3253979Z","@mt":"Seq detected {TotalRAM} MB of RAM","TotalRAM":8332.787712,"SourceContext":"Seq.Server.Features.Diagnostics.EnvironmentInformationWriter"}
{"@t":"2023-06-16T00:26:45.9685995Z","@mt":"Opening event store at {StreamPath}","StreamPath":"/data/Stream/stream.flare","SourceContext":"Seq.Engine.Cluster.StorageNodeCoordinator"}
{"@t":"2023-06-16T00:26:46.0852708Z","@mt":"Ingestion enabled","SourceContext":"Seq.Engine.Cluster.StorageNodeCoordinator"}
{"@t":"2023-06-16T00:26:46.1074645Z","@mt":"Opening metastore {MetastorePath}","MetastorePath":"/data/Documents/metastore.flare","SourceContext":"Quince.Storage.Native.NativeDocumentStore"}
{"@t":"2023-06-16T00:26:46.2365404Z","@mt":"Storage subsystem available"}
{"@t":"2023-06-16T00:26:46.3291928Z","@mt":"Seq listening on {ListenUris}","ListenUris":["http://localhost/","https://localhost/","http://localhost:5341/","https://localhost:45341/"]}
{"@t":"2023-06-16T00:30:19.6531409Z","@mt":"Seq {SeqVersion} running on OS {OSCaption}","SeqVersion":"2023.1.9133","OSCaption":"Linux 5.15.90.1-microsoft-standard-WSL2 #1 SMP Fri Jan 27 02:56:13 UTC 2023","SourceContext":"Seq.Server.Features.Diagnostics.EnvironmentInformationWriter"}
{"@t":"2023-06-16T00:30:19.7386855Z","@mt":"Seq detected {TotalRAM} MB of RAM","TotalRAM":8332.787712,"SourceContext":"Seq.Server.Features.Diagnostics.EnvironmentInformationWriter"}
{"@t":"2023-06-16T00:30:20.4253644Z","@mt":"Opening event store at {StreamPath}","StreamPath":"/data/Stream/stream.flare","SourceContext":"Seq.Engine.Cluster.StorageNodeCoordinator"}
{"@t":"2023-06-16T00:30:20.5397525Z","@mt":"Ingestion enabled","SourceContext":"Seq.Engine.Cluster.StorageNodeCoordinator"}
{"@t":"2023-06-16T00:30:20.5634393Z","@mt":"Opening metastore {MetastorePath}","MetastorePath":"/data/Documents/metastore.flare","SourceContext":"Quince.Storage.Native.NativeDocumentStore"}
{"@t":"2023-06-16T00:30:20.7335227Z","@mt":"Storage subsystem available"}
{"@t":"2023-06-16T00:30:20.8435873Z","@mt":"Seq listening on {ListenUris}","ListenUris":["http://localhost/","https://localhost/","http://localhost:5341/","https://localhost:45341/"]}
{"@t":"2023-06-16T00:31:20.9344334Z","@mt":"{CollectionCount} more generation 2 garbage collection(s) occurred","CollectionCount":0,"SourceContext":"Seq.Server.Features.Diagnostics.GCLogger"}
{"@t":"2023-06-16T00:35:20.9247890Z","@mt":"Metrics sampled","SystemMemoryUtilization":0.4279792486329934,"ProcessWorkingSetBytes":168132608,"ProcessCpuPercentage":0,"GCTotalHeapSizeBytes":0,"GCTotalFragmentedBytes":0,"GCPauseTimePercentage":0,"ProcessThreads":25,"ArrivedEventsPerMinute":0,"IngestedEventsPerMinute":0,"IngestedBytesPerMinute":0,"InvalidPayloadsPerMinute":0,"UnauthorizedPayloadsPerMinute":0,"TotalWriteTimeLastMinute":0,"BroadcastQueueCount":0,"BroadcastSubscriptionQueuesAggregateCount":0}
{"@t":"2023-06-16T00:37:52.6360292Z","@mt":"Termination signal received"}
{"@t":"2023-06-16T00:37:52.6803805Z","@mt":"Signalling for {Workers} worker task(s) to complete","Workers":1,"SourceContext":"Seq.Engine.Workers.WorkerPool"}
{"@t":"2023-06-16T00:37:53.0551279Z","@mt":"Work {WorkDescription} ({WorkId}) observed cancellation and completed","WorkDescription":"Monitor alerts and trigger notifications","WorkId":"c67267b7-381c-45c3-b776-5a6aacbb73ca","SourceContext":"Seq.Engine.Workers.WorkerPool"}
{"@t":"2023-06-16T00:37:53.0842954Z","@mt":"Stopping {Tasks} scheduled tasks","Tasks":13,"SourceContext":"Seq.Server.Tasks.TaskRunner"}
{"@t":"2023-06-16T00:37:53.0880536Z","@mt":"Stopping input channel","SourceContext":"Seq.Server.Features.Apps.Inputs.InputChannel"}
{"@t":"2023-06-16T00:37:53.9678470Z","@mt":"Shutting down input channel; {AcceptedCount} queued events will be written","AcceptedCount":0,"SourceContext":"Seq.Server.Features.Apps.Inputs.InputChannel"}
{"@t":"2023-06-16T00:37:53.9693354Z","@mt":"Stopping broadcast channel","SourceContext":"Seq.Engine.Broadcast.BroadcastChannel"}
{"@t":"2023-06-16T00:37:54.9684969Z","@mt":"Shutting down broadcast channel with {AllowableFlush} flushable event batches (+{Tolerance} tolerance)","AllowableFlush":0,"Tolerance":15,"SourceContext":"Seq.Engine.Broadcast.BroadcastChannel"}
{"@t":"2023-06-16T00:37:54.9812082Z","@mt":"Closing event store","SourceContext":"Seq.Engine.Cluster.StorageNodeCoordinator"}
{"@t":"2023-06-16T00:37:55.0005514Z","@mt":"Closing metastore","SourceContext":"Quince.Storage.Native.NativeDocumentStore"}
{"@t":"2023-06-16T00:37:55.0073736Z","@mt":"Server stopped cleanly"}
